<?xml version="1.0" encoding="UTF-8"?>
<coverage generated="1650791020460" clover="3.2.0">
  <project timestamp="1650791020460" name="All files">
    <metrics statements="17" coveredstatements="14" conditionals="2" coveredconditionals="2" methods="12" coveredmethods="8" elements="31" coveredelements="24" complexity="0" loc="17" ncloc="17" packages="2" files="4" classes="4"/>
    <package name="components">
      <metrics statements="14" coveredstatements="13" conditionals="2" coveredconditionals="2" methods="10" coveredmethods="8"/>
      <file name="ConfirmationForm.vue" path="/home/shalenyj/WEB/testing-vue-app/src/components/ConfirmationForm.vue">
        <metrics statements="3" coveredstatements="2" conditionals="0" coveredconditionals="0" methods="2" coveredmethods="1"/>
        <line num="17" count="1" type="stmt"/>
        <line num="25" count="2" type="stmt"/>
        <line num="31" count="0" type="stmt"/>
      </file>
      <file name="FakeList.vue" path="/home/shalenyj/WEB/testing-vue-app/src/components/FakeList.vue">
        <metrics statements="11" coveredstatements="11" conditionals="2" coveredconditionals="2" methods="8" coveredmethods="7"/>
        <line num="10" count="1" type="stmt"/>
        <line num="11" count="1" type="stmt"/>
        <line num="12" count="1" type="stmt"/>
        <line num="17" count="10" type="stmt"/>
        <line num="22" count="10" type="stmt"/>
        <line num="26" count="10" type="stmt"/>
        <line num="29" count="12" type="stmt"/>
        <line num="30" count="2" type="stmt"/>
        <line num="33" count="5" type="cond" truecount="2" falsecount="0"/>
        <line num="36" count="1" type="stmt"/>
        <line num="39" count="1" type="stmt"/>
      </file>
    </package>
    <package name="elements">
      <metrics statements="3" coveredstatements="1" conditionals="0" coveredconditionals="0" methods="2" coveredmethods="0"/>
      <file name="TButton.vue" path="/home/shalenyj/WEB/testing-vue-app/src/elements/TButton.vue">
        <metrics statements="1" coveredstatements="0" conditionals="0" coveredconditionals="0" methods="1" coveredmethods="0"/>
        <line num="22" count="0" type="stmt"/>
      </file>
      <file name="TForm.vue" path="/home/shalenyj/WEB/testing-vue-app/src/elements/TForm.vue">
        <metrics statements="2" coveredstatements="1" conditionals="0" coveredconditionals="0" methods="1" coveredmethods="0"/>
        <line num="11" count="1" type="stmt"/>
        <line num="34" count="0" type="stmt"/>
      </file>
    </package>
  </project>
</coverage>
