TN:
SF:/home/shalenyj/WEB/testing-vue-app/src/components/ConfirmationForm.vue
FN:24,(anonymous_1)
FN:30,(anonymous_2)
FNF:2
FNH:1
FNDA:2,(anonymous_1)
FNDA:0,(anonymous_2)
DA:17,1
DA:25,2
DA:31,0
LF:3
LH:2
BRF:0
BRH:0
end_of_record
TN:
SF:/home/shalenyj/WEB/testing-vue-app/src/components/FakeList.vue
FN:16,(anonymous_1)
FN:21,(anonymous_2)
FN:25,(anonymous_3)
FN:26,(anonymous_4)
FN:28,(anonymous_5)
FN:32,(anonymous_6)
FN:35,(anonymous_7)
FN:38,(anonymous_8)
FNF:8
FNH:7
FNDA:10,(anonymous_1)
FNDA:10,(anonymous_2)
FNDA:10,(anonymous_3)
FNDA:0,(anonymous_4)
FNDA:12,(anonymous_5)
FNDA:5,(anonymous_6)
FNDA:1,(anonymous_7)
FNDA:1,(anonymous_8)
DA:10,1
DA:11,1
DA:12,1
DA:17,10
DA:22,10
DA:26,10
DA:29,12
DA:30,2
DA:33,5
DA:36,1
DA:39,1
LF:11
LH:11
BRDA:33,0,0,5
BRDA:33,0,1,4
BRF:2
BRH:2
end_of_record
TN:
SF:/home/shalenyj/WEB/testing-vue-app/src/elements/TButton.vue
FN:21,(anonymous_1)
FNF:1
FNH:0
FNDA:0,(anonymous_1)
DA:22,0
LF:1
LH:0
BRF:0
BRH:0
end_of_record
TN:
SF:/home/shalenyj/WEB/testing-vue-app/src/elements/TForm.vue
FN:33,(anonymous_1)
FNF:1
FNH:0
FNDA:0,(anonymous_1)
DA:11,1
DA:34,0
LF:2
LH:1
BRF:0
BRH:0
end_of_record
